Determining compilation order of HDL files
Analyzing Verilog file dff_8b.vf
Analyzing Verilog file dff_32b.vf
Analyzing Verilog file dff_64b.vf
Analyzing Verilog file dff_5b.vf
Analyzing Verilog file reg_file_64x32.v
Analyzing Verilog file pipeline_reg_IFID.vf
Analyzing Verilog file pipeline_reg_IDEX.vf
Analyzing Verilog file pipeline_reg_EXMEM.vf
Analyzing Verilog file PC_reg_9bit.vf
Analyzing Verilog file instr_mem_32x512.v
Analyzing Verilog file incrementer_pc.vf
Analyzing Verilog file data_mem_64_256.v
Analyzing Verilog file cpu_pipeline_schematic.vf
Analyzing Verilog file cpu_tb.tfw
Analyzing Verilog file C:/Xilinx/10.1/ISE/verilog/src/glbl.v
Saving Verilog parse-tree work.dff_8b into
z:/ee533/lab5_sp26/pipeline_cpu/schematics/isim/work/dff_8b.sdb
Saving Verilog parse-tree work.dff_32b into
z:/ee533/lab5_sp26/pipeline_cpu/schematics/isim/work/dff_32b.sdb
Saving Verilog parse-tree work.dff_64b into
z:/ee533/lab5_sp26/pipeline_cpu/schematics/isim/work/dff_64b.sdb
Saving Verilog parse-tree work.dff_5b into
z:/ee533/lab5_sp26/pipeline_cpu/schematics/isim/work/dff_5b.sdb
Saving Verilog parse-tree work.reg_file_64x32 into
z:/ee533/lab5_sp26/pipeline_cpu/schematics/isim/work/reg_file_64x32.sdb
Saving Verilog parse-tree work.pipeline_reg_IFID into
z:/ee533/lab5_sp26/pipeline_cpu/schematics/isim/work/pipeline_reg_@i@f@i@d.sdb
Saving Verilog parse-tree work.pipeline_reg_IDEX into
z:/ee533/lab5_sp26/pipeline_cpu/schematics/isim/work/pipeline_reg_@i@d@e@x.sdb
Saving Verilog parse-tree work.pipeline_reg_EXMEM into
z:/ee533/lab5_sp26/pipeline_cpu/schematics/isim/work/pipeline_reg_@e@x@m@e@m.sdb
Saving Verilog parse-tree work.FD8CE_MXILINX_PC_reg_9bit into
z:/ee533/lab5_sp26/pipeline_cpu/schematics/isim/work/@f@d8@c@e_@m@x@i@l@i@n@x_@p
@c_reg_9bit.sdb
Saving Verilog parse-tree work.PC_reg_9bit into
z:/ee533/lab5_sp26/pipeline_cpu/schematics/isim/work/@p@c_reg_9bit.sdb
Saving Verilog parse-tree work.instr_mem_32x512 into
z:/ee533/lab5_sp26/pipeline_cpu/schematics/isim/work/instr_mem_32x512.sdb
Saving Verilog parse-tree work.incrementer_pc into
z:/ee533/lab5_sp26/pipeline_cpu/schematics/isim/work/incrementer_pc.sdb
Saving Verilog parse-tree work.data_mem_64_256 into
z:/ee533/lab5_sp26/pipeline_cpu/schematics/isim/work/data_mem_64_256.sdb
Saving Verilog parse-tree work.cpu_pipeline_schematic into
z:/ee533/lab5_sp26/pipeline_cpu/schematics/isim/work/cpu_pipeline_schematic.sdb
Saving Verilog parse-tree work.cpu_tb into
z:/ee533/lab5_sp26/pipeline_cpu/schematics/isim/work/cpu_tb.sdb
Saving Verilog parse-tree work.glbl into
z:/ee533/lab5_sp26/pipeline_cpu/schematics/isim/work/glbl.sdb
Starting static elaboration
Restoring Verilog parse-tree xilinxcorelib_ver.BLKMEMSP_V6_2 from
c:/xilinx/10.1/ise/verilog/hdp/nt/xilinxcorelib_ver/xilinxcorelib_ver.sdbl
Restoring Verilog parse-tree unisims_ver.INV from
c:/xilinx/10.1/ise/verilog/hdp/nt/unisims_ver/unisims_ver.sdbl
Restoring Verilog parse-tree unisims_ver.XOR2 from
c:/xilinx/10.1/ise/verilog/hdp/nt/unisims_ver/unisims_ver.sdbl
Restoring Verilog parse-tree unisims_ver.AND2 from
c:/xilinx/10.1/ise/verilog/hdp/nt/unisims_ver/unisims_ver.sdbl
Restoring Verilog parse-tree unisims_ver.FDCE from
c:/xilinx/10.1/ise/verilog/hdp/nt/unisims_ver/unisims_ver.sdbl
Restoring Verilog parse-tree unisims_ver.VCC from
c:/xilinx/10.1/ise/verilog/hdp/nt/unisims_ver/unisims_ver.sdbl
Restoring Verilog parse-tree xilinxcorelib_ver.BLKMEMDP_V6_3 from
c:/xilinx/10.1/ise/verilog/hdp/nt/xilinxcorelib_ver/xilinxcorelib_ver.sdbl
Restoring Verilog parse-tree unisims_ver.FD from
c:/xilinx/10.1/ise/verilog/hdp/nt/unisims_ver/unisims_ver.sdbl
Restoring Verilog parse-tree unisims_ver.GND from
c:/xilinx/10.1/ise/verilog/hdp/nt/unisims_ver/unisims_ver.sdbl
Restoring Verilog parse-tree unisims_ver.OR2 from
c:/xilinx/10.1/ise/verilog/hdp/nt/unisims_ver/unisims_ver.sdbl
Completed static elaboration
Fuse Memory Usage: 56200 Kb
Fuse CPU Usage: 390 ms
Compiling module glbl
Compiling module BLKMEMSP_V6_2(c_addr_width=9,c_d...
Compiling module instr_mem_32x512
Compiling module INV
Compiling module XOR2
Compiling module AND2
Compiling module incrementer_pc
Compiling module FDCE(INIT=1'b0)_0
Compiling module FDCE(INIT=1'b0)_1
Compiling module FDCE(INIT=1'b0)_2
Compiling module FDCE(INIT=1'b0)_3
Compiling module FDCE(INIT=1'b0)_4
Compiling module FDCE(INIT=1'b0)_5
Compiling module FDCE(INIT=1'b0)_6
Compiling module FDCE(INIT=1'b0)_7
Compiling module FDCE(INIT=1'b0)_8
Compiling module FD8CE_MXILINX_PC_reg_9bit
Compiling module VCC
Compiling module PC_reg_9bit
Compiling module reg_file_64x32
Compiling module BLKMEMDP_V6_3(c_addra_width=8,c_...
Compiling module data_mem_64_256
Compiling module FD(INIT=1'b0)_0
Compiling module FD(INIT=1'b0)_1
Compiling module FD(INIT=1'b0)_2
Compiling module FD(INIT=1'b0)_3
Compiling module FD(INIT=1'b0)_4
Compiling module FD(INIT=1'b0)_5
Compiling module FD(INIT=1'b0)_6
Compiling module FD(INIT=1'b0)_7
Compiling module FD(INIT=1'b0)_8
Compiling module FD(INIT=1'b0)_9
Compiling module FD(INIT=1'b0)_10
Compiling module FD(INIT=1'b0)_11
Compiling module FD(INIT=1'b0)_12
Compiling module FD(INIT=1'b0)_13
Compiling module FD(INIT=1'b0)_14
Compiling module FD(INIT=1'b0)_15
Compiling module FD(INIT=1'b0)_16
Compiling module FD(INIT=1'b0)_17
Compiling module FD(INIT=1'b0)_18
Compiling module FD(INIT=1'b0)_19
Compiling module FD(INIT=1'b0)_20
Compiling module FD(INIT=1'b0)_21
Compiling module FD(INIT=1'b0)_22
Compiling module FD(INIT=1'b0)_23
Compiling module FD(INIT=1'b0)_24
Compiling module FD(INIT=1'b0)_25
Compiling module FD(INIT=1'b0)_26
Compiling module FD(INIT=1'b0)_27
Compiling module FD(INIT=1'b0)_28
Compiling module FD(INIT=1'b0)_29
Compiling module FD(INIT=1'b0)_30
Compiling module FD(INIT=1'b0)_31
Compiling module FD(INIT=1'b0)_32
Compiling module FD(INIT=1'b0)_33
Compiling module FD(INIT=1'b0)_34
Compiling module FD(INIT=1'b0)_35
Compiling module FD(INIT=1'b0)_36
Compiling module FD(INIT=1'b0)_37
Compiling module FD(INIT=1'b0)_38
Compiling module FD(INIT=1'b0)_39
Compiling module FD(INIT=1'b0)_40
Compiling module FD(INIT=1'b0)_41
Compiling module FD(INIT=1'b0)_42
Compiling module FD(INIT=1'b0)_43
Compiling module FD(INIT=1'b0)_44
Compiling module FD(INIT=1'b0)_45
Compiling module FD(INIT=1'b0)_46
Compiling module FD(INIT=1'b0)_47
Compiling module FD(INIT=1'b0)_48
Compiling module FD(INIT=1'b0)_49
Compiling module FD(INIT=1'b0)_50
Compiling module FD(INIT=1'b0)_51
Compiling module FD(INIT=1'b0)_52
Compiling module FD(INIT=1'b0)_53
Compiling module FD(INIT=1'b0)_54
Compiling module FD(INIT=1'b0)_55
Compiling module FD(INIT=1'b0)_56
Compiling module FD(INIT=1'b0)_57
Compiling module FD(INIT=1'b0)_58
Compiling module FD(INIT=1'b0)_59
Compiling module FD(INIT=1'b0)_60
Compiling module FD(INIT=1'b0)_61
Compiling module FD(INIT=1'b0)_62
Compiling module FD(INIT=1'b0)_63
Compiling module FD(INIT=1'b0)_64
Compiling module FD(INIT=1'b0)_65
Compiling module FD(INIT=1'b0)_66
Compiling module FD(INIT=1'b0)_67
Compiling module FD(INIT=1'b0)_68
Compiling module FD(INIT=1'b0)_69
Compiling module FD(INIT=1'b0)_70
Compiling module FD(INIT=1'b0)_71
Compiling module FD(INIT=1'b0)_72
Compiling module FD(INIT=1'b0)_73
Compiling module FD(INIT=1'b0)_74
Compiling module FD(INIT=1'b0)_75
Compiling module FD(INIT=1'b0)_76
Compiling module FD(INIT=1'b0)_77
Compiling module FD(INIT=1'b0)_78
Compiling module FD(INIT=1'b0)_79
Compiling module FD(INIT=1'b0)_80
Compiling module FD(INIT=1'b0)_81
Compiling module FD(INIT=1'b0)_82
Compiling module FD(INIT=1'b0)_83
Compiling module FD(INIT=1'b0)_84
Compiling module FD(INIT=1'b0)_85
Compiling module FD(INIT=1'b0)_86
Compiling module FD(INIT=1'b0)_87
Compiling module FD(INIT=1'b0)_88
Compiling module FD(INIT=1'b0)_89
Compiling module FD(INIT=1'b0)_90
Compiling module FD(INIT=1'b0)_91
Compiling module FD(INIT=1'b0)_92
Compiling module FD(INIT=1'b0)_93
Compiling module FD(INIT=1'b0)_94
Compiling module FD(INIT=1'b0)_95
Compiling module FD(INIT=1'b0)_96
Compiling module FD(INIT=1'b0)_97
Compiling module FD(INIT=1'b0)_98
Compiling module FD(INIT=1'b0)_99
Compiling module FD(INIT=1'b0)_100
Compiling module FD(INIT=1'b0)_101
Compiling module FD(INIT=1'b0)_102
Compiling module FD(INIT=1'b0)_103
Compiling module FD(INIT=1'b0)_104
Compiling module FD(INIT=1'b0)_105
Compiling module FD(INIT=1'b0)_106
Compiling module FD(INIT=1'b0)_107
Compiling module FD(INIT=1'b0)_108
Compiling module FD(INIT=1'b0)_109
Compiling module FD(INIT=1'b0)_110
Compiling module FD(INIT=1'b0)_111
Compiling module FD(INIT=1'b0)_112
Compiling module FD(INIT=1'b0)_113
Compiling module FD(INIT=1'b0)_114
Compiling module FD(INIT=1'b0)_115
Compiling module FD(INIT=1'b0)_116
Compiling module FD(INIT=1'b0)_117
Compiling module FD(INIT=1'b0)_118
Compiling module FD(INIT=1'b0)_119
Compiling module FD(INIT=1'b0)_120
Compiling module FD(INIT=1'b0)_121
Compiling module FD(INIT=1'b0)_122
Compiling module FD(INIT=1'b0)_123
Compiling module FD(INIT=1'b0)_124
Compiling module FD(INIT=1'b0)_125
Compiling module FD(INIT=1'b0)_126
Compiling module FD(INIT=1'b0)_127
Compiling module FD(INIT=1'b0)_128
Compiling module FD(INIT=1'b0)_129
Compiling module FD(INIT=1'b0)_130
Compiling module FD(INIT=1'b0)_131
Compiling module FD(INIT=1'b0)_132
Compiling module FD(INIT=1'b0)_133
Compiling module FD(INIT=1'b0)_134
Compiling module FD(INIT=1'b0)_135
Compiling module FD(INIT=1'b0)_136
Compiling module FD(INIT=1'b0)_137
Compiling module FD(INIT=1'b0)_138
Compiling module FD(INIT=1'b0)_139
Compiling module FD(INIT=1'b0)_140
Compiling module FD(INIT=1'b0)_141
Compiling module FD(INIT=1'b0)_142
Compiling module FD(INIT=1'b0)_143
Compiling module FD(INIT=1'b0)_144
Compiling module FD(INIT=1'b0)_145
Compiling module FD(INIT=1'b0)_146
Compiling module FD(INIT=1'b0)_147
Compiling module FD(INIT=1'b0)_148
Compiling module FD(INIT=1'b0)_149
Compiling module FD(INIT=1'b0)_150
Compiling module FD(INIT=1'b0)_151
Compiling module FD(INIT=1'b0)_152
Compiling module FD(INIT=1'b0)_153
Compiling module FD(INIT=1'b0)_154
Compiling module FD(INIT=1'b0)_155
Compiling module FD(INIT=1'b0)_156
Compiling module FD(INIT=1'b0)_157
Compiling module FD(INIT=1'b0)_158
Compiling module FD(INIT=1'b0)_159
Compiling module FD(INIT=1'b0)_160
Compiling module FD(INIT=1'b0)_161
Compiling module FD(INIT=1'b0)_162
Compiling module FD(INIT=1'b0)_163
Compiling module FD(INIT=1'b0)_164
Compiling module FD(INIT=1'b0)_165
Compiling module FD(INIT=1'b0)_166
Compiling module FD(INIT=1'b0)_167
Compiling module FD(INIT=1'b0)_168
Compiling module FD(INIT=1'b0)_169
Compiling module FD(INIT=1'b0)_170
Compiling module FD(INIT=1'b0)_171
Compiling module FD(INIT=1'b0)_172
Compiling module FD(INIT=1'b0)_173
Compiling module FD(INIT=1'b0)_174
Compiling module FD(INIT=1'b0)_175
Compiling module FD(INIT=1'b0)_176
Compiling module FD(INIT=1'b0)_177
Compiling module FD(INIT=1'b0)_178
Compiling module FD(INIT=1'b0)_179
Compiling module FD(INIT=1'b0)_180
Compiling module FD(INIT=1'b0)_181
Compiling module FD(INIT=1'b0)_182
Compiling module FD(INIT=1'b0)_183
Compiling module FD(INIT=1'b0)_184
Compiling module FD(INIT=1'b0)_185
Compiling module FD(INIT=1'b0)_186
Compiling module FD(INIT=1'b0)_187
Compiling module FD(INIT=1'b0)_188
Compiling module FD(INIT=1'b0)_189
Compiling module FD(INIT=1'b0)_190
Compiling module FD(INIT=1'b0)_191
Compiling module FD(INIT=1'b0)_192
Compiling module FD(INIT=1'b0)_193
Compiling module FD(INIT=1'b0)_194
Compiling module FD(INIT=1'b0)_195
Compiling module FD(INIT=1'b0)_196
Compiling module FD(INIT=1'b0)_197
Compiling module FD(INIT=1'b0)_198
Compiling module FD(INIT=1'b0)_199
Compiling module FD(INIT=1'b0)_200
Compiling module FD(INIT=1'b0)_201
Compiling module FD(INIT=1'b0)_202
Compiling module FD(INIT=1'b0)_203
Compiling module FD(INIT=1'b0)_204
Compiling module FD(INIT=1'b0)_205
Compiling module FD(INIT=1'b0)_206
Compiling module FD(INIT=1'b0)_207
Compiling module FD(INIT=1'b0)_208
Compiling module FD(INIT=1'b0)_209
Compiling module FD(INIT=1'b0)_210
Compiling module FD(INIT=1'b0)_211
Compiling module FD(INIT=1'b0)_212
Compiling module FD(INIT=1'b0)_213
Compiling module FD(INIT=1'b0)_214
Compiling module FD(INIT=1'b0)_215
Compiling module FD(INIT=1'b0)_216
Compiling module FD(INIT=1'b0)_217
Compiling module FD(INIT=1'b0)_218
Compiling module FD(INIT=1'b0)_219
Compiling module FD(INIT=1'b0)_220
Compiling module FD(INIT=1'b0)_221
Compiling module FD(INIT=1'b0)_222
Compiling module FD(INIT=1'b0)_223
Compiling module FD(INIT=1'b0)_224
Compiling module FD(INIT=1'b0)_225
Compiling module FD(INIT=1'b0)_226
Compiling module FD(INIT=1'b0)_227
Compiling module FD(INIT=1'b0)_228
Compiling module FD(INIT=1'b0)_229
Compiling module FD(INIT=1'b0)_230
Compiling module FD(INIT=1'b0)_231
Compiling module FD(INIT=1'b0)_232
Compiling module FD(INIT=1'b0)_233
Compiling module FD(INIT=1'b0)_234
Compiling module FD(INIT=1'b0)_235
Compiling module FD(INIT=1'b0)_236
Compiling module FD(INIT=1'b0)_237
Compiling module FD(INIT=1'b0)_238
Compiling module FD(INIT=1'b0)_239
Compiling module FD(INIT=1'b0)_240
Compiling module FD(INIT=1'b0)_241
Compiling module FD(INIT=1'b0)_242
Compiling module FD(INIT=1'b0)_243
Compiling module FD(INIT=1'b0)_244
Compiling module FD(INIT=1'b0)_245
Compiling module FD(INIT=1'b0)_246
Compiling module FD(INIT=1'b0)_247
Compiling module FD(INIT=1'b0)_248
Compiling module FD(INIT=1'b0)_249
Compiling module FD(INIT=1'b0)_250
Compiling module FD(INIT=1'b0)_251
Compiling module FD(INIT=1'b0)_252
Compiling module FD(INIT=1'b0)_253
Compiling module FD(INIT=1'b0)_254
Compiling module FD(INIT=1'b0)_255
Compiling module FD(INIT=1'b0)_256
Compiling module FD(INIT=1'b0)_257
Compiling module FD(INIT=1'b0)_258
Compiling module FD(INIT=1'b0)_259
Compiling module FD(INIT=1'b0)_260
Compiling module FD(INIT=1'b0)_261
Compiling module FD(INIT=1'b0)_262
Compiling module FD(INIT=1'b0)_263
Compiling module FD(INIT=1'b0)_264
Compiling module FD(INIT=1'b0)_265
Compiling module FD(INIT=1'b0)_266
Compiling module FD(INIT=1'b0)_267
Compiling module FD(INIT=1'b0)_268
Compiling module FD(INIT=1'b0)_269
Compiling module FD(INIT=1'b0)_270
Compiling module FD(INIT=1'b0)_271
Compiling module FD(INIT=1'b0)_272
Compiling module FD(INIT=1'b0)_273
Compiling module FD(INIT=1'b0)_274
Compiling module FD(INIT=1'b0)_275
Compiling module FD(INIT=1'b0)_276
Compiling module FD(INIT=1'b0)_277
Compiling module FD(INIT=1'b0)_278
Compiling module FD(INIT=1'b0)_279
Compiling module FD(INIT=1'b0)_280
Compiling module FD(INIT=1'b0)_281
Compiling module FD(INIT=1'b0)_282
Compiling module FD(INIT=1'b0)_283
Compiling module FD(INIT=1'b0)_284
Compiling module FD(INIT=1'b0)_285
Compiling module FD(INIT=1'b0)_286
Compiling module FD(INIT=1'b0)_287
Compiling module FD(INIT=1'b0)_288
Compiling module FD(INIT=1'b0)_289
Compiling module FD(INIT=1'b0)_290
Compiling module FD(INIT=1'b0)_291
Compiling module FD(INIT=1'b0)_292
Compiling module FD(INIT=1'b0)_293
Compiling module FD(INIT=1'b0)_294
Compiling module FD(INIT=1'b0)_295
Compiling module FD(INIT=1'b0)_296
Compiling module FD(INIT=1'b0)_297
Compiling module FD(INIT=1'b0)_298
Compiling module FD(INIT=1'b0)_299
Compiling module FD(INIT=1'b0)_300
Compiling module FD(INIT=1'b0)_301
Compiling module FD(INIT=1'b0)_302
Compiling module FD(INIT=1'b0)_303
Compiling module FD(INIT=1'b0)_304
Compiling module FD(INIT=1'b0)_305
Compiling module FD(INIT=1'b0)_306
Compiling module FD(INIT=1'b0)_307
Compiling module FD(INIT=1'b0)_308
Compiling module FD(INIT=1'b0)_309
Compiling module dff_5b
Compiling module GND
Compiling module dff_8b
Compiling module dff_8b_2
Compiling module dff_8b_3
Compiling module dff_8b_4
Compiling module dff_32b
Compiling module pipeline_reg_IFID
Compiling module dff_5b_2
Compiling module dff_8b_5
Compiling module dff_8b_6
Compiling module dff_8b_7
Compiling module dff_8b_8
Compiling module dff_32b_2
Compiling module dff_8b_9
Compiling module dff_8b_10
Compiling module dff_8b_11
Compiling module dff_8b_12
Compiling module dff_32b_3
Compiling module dff_64b
Compiling module dff_8b_13
Compiling module dff_8b_14
Compiling module dff_8b_15
Compiling module dff_8b_16
Compiling module dff_32b_4
Compiling module dff_8b_17
Compiling module dff_8b_18
Compiling module dff_8b_19
Compiling module dff_8b_20
Compiling module dff_32b_5
Compiling module dff_64b_2
Compiling module pipeline_reg_IDEX
Compiling module dff_5b_3
Compiling module dff_8b_21
Compiling module dff_8b_22
Compiling module dff_8b_23
Compiling module dff_8b_24
Compiling module dff_32b_6
Compiling module dff_8b_25
Compiling module dff_8b_26
Compiling module dff_8b_27
Compiling module dff_8b_28
Compiling module dff_32b_7
Compiling module dff_64b_3
Compiling module dff_8b_29
Compiling module dff_8b_30
Compiling module dff_8b_31
Compiling module dff_8b_32
Compiling module dff_32b_8
Compiling module dff_8b_33
Compiling module dff_8b_34
Compiling module dff_8b_35
Compiling module dff_8b_36
Compiling module dff_32b_9
Compiling module dff_64b_4
Compiling module pipeline_reg_EXMEM
Compiling module OR2
Compiling module cpu_pipeline_schematic
Compiling module cpu_tb
Compiled 391 Verilog Units
Built simulation executable cpu_tb_isim_beh.exe
Fuse Memory Usage: 59788 Kb
Fuse CPU Usage: 4311 ms
